File not found: /data/train.csv
File not found: ../data/store.csv
File not found: data/train.csv
File not found: invalid/path/to/file.csv
File not found: invalid/path/to/file.csv
File not found: invalid/path/to/file.csv
File not found: invalid/path/to/file.csv
File not found: invalid/path/to/file.csv
File not found: invalid/path/to/file.csv
File not found: invalid/path/to/file.csv
File not found: invalid/path/to/file.csv
File not found: invalid/path/to/file.csv
File not found: invalid/path/to/file.csv
File not found: invalid/path/to/file.csv
File not found: invalid/path/to/file.csv
File not found: invalid/path/to/file.csv
File not found: invalid/path/to/file.csv
File not found: ../data/train.csv
File not found: ../data/train.csv
File not found: ../data/train.csv
File not found: ../data/train.csv
File not found: ../data/train.csv
File not found: invalid/path/to/file.csv
File not found: ../data/train.csv
File not found: ../data/train.csv
File not found: ../data/train.csv
File not found: invalid/path/to/file.csv
File not found: invalid/path/to/file.csv
File not found: invalid/path/to/file.csv
